<?xml version="1.0" encoding="UTF-8"?>
<!-- Generated by org.testng.reporters.JUnitReportReporter -->
<testsuite skipped="0" hostname="ITCL0VRNR" name="com.UIAutomationFinalProjectDay4.UIAutomationFinalProjectDay4.Registeration" tests="1" failures="0" timestamp="03 Feb 2021 18:02:24 GMT" time="28.221" errors="0">
  <testcase name="RegisterationTestCase" time="28.221" classname="com.UIAutomationFinalProjectDay4.UIAutomationFinalProjectDay4.Registeration"/>
</testsuite> <!-- com.UIAutomationFinalProjectDay4.UIAutomationFinalProjectDay4.Registeration -->
