<?xml version="1.0" encoding="UTF-8"?>
<!-- Generated by org.testng.reporters.JUnitReportReporter -->
<testsuite skipped="0" hostname="ITCL0VRNR" name="com.UIAutomationFinalProjectDay4.UIAutomationFinalProjectDay4.ShoppingCart" tests="1" failures="0" timestamp="03 Feb 2021 18:02:24 GMT" time="27.293" errors="0">
  <testcase name="AddProduct" time="27.293" classname="com.UIAutomationFinalProjectDay4.UIAutomationFinalProjectDay4.ShoppingCart"/>
</testsuite> <!-- com.UIAutomationFinalProjectDay4.UIAutomationFinalProjectDay4.ShoppingCart -->
