<?xml version="1.0" encoding="UTF-8"?>
<!-- Generated by org.testng.reporters.JUnitReportReporter -->
<testsuite skipped="0" hostname="ITCL0VRNR" name="com.UIAutomationFinalProjectV2.UIAutomationFinalProjectV2.Registeration" tests="1" failures="0" timestamp="03 Feb 2021 16:49:31 GMT" time="24.938" errors="0">
  <testcase name="RegisterationTestCase" time="24.938" classname="com.UIAutomationFinalProjectV2.UIAutomationFinalProjectV2.Registeration"/>
</testsuite> <!-- com.UIAutomationFinalProjectV2.UIAutomationFinalProjectV2.Registeration -->
